<?xml version="1.0" encoding="UTF-8"?>
<testsuite xmlns:xsi="http://www.w3.org/2001/XMLSchema-instance" xsi:noNamespaceSchemaLocation="https://maven.apache.org/surefire/maven-surefire-plugin/xsd/surefire-test-report-3.0.xsd" version="3.0" name="TestSuite" time="18.348" tests="4" errors="0" skipped="0" failures="0">
  <properties>
[...]
</properties>
  <testcase name="runScenario[&quot;TC1 - Valid login to Swag Labs&quot;, &quot;Application Login&quot;](1)" classname="cucumberOptions.TestNGRunner" time="7.105">
    <system-out><![CDATA[
@Epic_Login_Module @Feature_Application_Login @TC1_Valid_Login @Severity_Critical @Story_User_logs_in_with_valid_credentials
Scenario: TC1 - Valid login to Swag Labs                                # src/test/java/features/home.feature:6
  Given User is on the Swag Labs login page                             # stepDefinitions.LoginSteps.user_is_on_login_page()
  When User enters username "standard_user" and password "secret_sauce" # stepDefinitions.LoginSteps.user_enters_username_and_password(java.lang.String,java.lang.String)
  And User clicks the login button                                      # stepDefinitions.LoginSteps.user_clicks_login_button()
  Then User should see the "Swag Labs" title on the home page           # stepDefinitions.LoginSteps.user_should_see_home_page_title(java.lang.String)
]]></system-out>
    <system-err><![CDATA[Jul 21, 2025 10:55:10 AM org.openqa.selenium.devtools.CdpVersionFinder findNearestMatch
WARNING: Unable to find CDP implementation matching 138
Jul 21, 2025 10:55:10 AM org.openqa.selenium.chromium.ChromiumDriver lambda$new$5
WARNING: Unable to find version of CDP to use for 138.0.7204.158. You may need to include a dependency on a specific version of the CDP using something similar to `org.seleniumhq.selenium:selenium-devtools-v86:4.21.0` where the version ("v86") matches the version of the chromium-based browser you're using and the version number of the artifact is the same as Selenium's.
]]></system-err>
  </testcase>
  <testcase name="runScenario[&quot;TC2 - Invalid login to Swag Labs&quot;, &quot;Application Login&quot;](2)" classname="cucumberOptions.TestNGRunner" time="1.886">
    <system-out><![CDATA[
@Epic_Login_Module @Feature_Application_Login @TC2_Invalid_Login @Severity_Normal @Story_Invalid_credentials
Scenario: TC2 - Invalid login to Swag Labs                                                                              # src/test/java/features/home.feature:13
  Given User is on the Swag Labs login page                                                                             # stepDefinitions.LoginSteps.user_is_on_login_page()
  When User enters username "invalid_user" and password "invalid_pass"                                                  # stepDefinitions.LoginSteps.user_enters_username_and_password(java.lang.String,java.lang.String)
  And User clicks the login button                                                                                      # stepDefinitions.LoginSteps.user_clicks_login_button()
  Then An error message "Epic sadface: Username and password do not match any user in this service" should be displayed # stepDefinitions.LoginSteps.error_message_should_be_displayed(java.lang.String)
]]></system-out>
    <system-err><![CDATA[Jul 21, 2025 10:55:12 AM org.openqa.selenium.devtools.CdpVersionFinder findNearestMatch
WARNING: Unable to find CDP implementation matching 138
Jul 21, 2025 10:55:12 AM org.openqa.selenium.chromium.ChromiumDriver lambda$new$5
WARNING: Unable to find version of CDP to use for 138.0.7204.158. You may need to include a dependency on a specific version of the CDP using something similar to `org.seleniumhq.selenium:selenium-devtools-v86:4.21.0` where the version ("v86") matches the version of the chromium-based browser you're using and the version number of the artifact is the same as Selenium's.
]]></system-err>
  </testcase>
  <testcase name="runScenario[&quot;TC3 - Blank username and password&quot;, &quot;Application Login&quot;](3)" classname="cucumberOptions.TestNGRunner" time="1.757">
    <system-out><![CDATA[
@Epic_Login_Module @Feature_Application_Login @TC3_Blank_Login @Severity_Minor @Story_Blank_credentials
Scenario: TC3 - Blank username and password                                      # src/test/java/features/home.feature:20
  Given User is on the Swag Labs login page                                      # stepDefinitions.LoginSteps.user_is_on_login_page()
  When User enters username "" and password ""                                   # stepDefinitions.LoginSteps.user_enters_username_and_password(java.lang.String,java.lang.String)
  And User clicks the login button                                               # stepDefinitions.LoginSteps.user_clicks_login_button()
  Then An error message "Epic sadface: Username is required" should be displayed # stepDefinitions.LoginSteps.error_message_should_be_displayed(java.lang.String)
]]></system-out>
    <system-err><![CDATA[Jul 21, 2025 10:55:14 AM org.openqa.selenium.devtools.CdpVersionFinder findNearestMatch
WARNING: Unable to find CDP implementation matching 138
Jul 21, 2025 10:55:14 AM org.openqa.selenium.chromium.ChromiumDriver lambda$new$5
WARNING: Unable to find version of CDP to use for 138.0.7204.158. You may need to include a dependency on a specific version of the CDP using something similar to `org.seleniumhq.selenium:selenium-devtools-v86:4.21.0` where the version ("v86") matches the version of the chromium-based browser you're using and the version number of the artifact is the same as Selenium's.
]]></system-err>
  </testcase>
  <testcase name="runScenario[&quot;TC4 - Successful logout after login&quot;, &quot;Application Login&quot;](4)" classname="cucumberOptions.TestNGRunner" time="7.369">
    <system-out><![CDATA[
@Epic_Login_Module @Feature_Application_Login @TC4_Logout @Severity_Critical @Story_Logout_after_login
Scenario: TC4 - Successful logout after login                           # src/test/java/features/home.feature:27
  Given User is on the Swag Labs login page                             # stepDefinitions.LoginSteps.user_is_on_login_page()
  When User enters username "standard_user" and password "secret_sauce" # stepDefinitions.LoginSteps.user_enters_username_and_password(java.lang.String,java.lang.String)
  And User clicks the login button                                      # stepDefinitions.LoginSteps.user_clicks_login_button()
  And User logs out of the application                                  # stepDefinitions.LoginSteps.user_logs_out_of_application()
  Then User should be redirected to login page with "Swag Labs" title   # stepDefinitions.LoginSteps.user_should_be_redirected_to_login_page(java.lang.String)
]]></system-out>
    <system-err><![CDATA[Jul 21, 2025 10:55:20 AM org.openqa.selenium.devtools.CdpVersionFinder findNearestMatch
WARNING: Unable to find CDP implementation matching 138
Jul 21, 2025 10:55:20 AM org.openqa.selenium.chromium.ChromiumDriver lambda$new$5
WARNING: Unable to find version of CDP to use for 138.0.7204.158. You may need to include a dependency on a specific version of the CDP using something similar to `org.seleniumhq.selenium:selenium-devtools-v86:4.21.0` where the version ("v86") matches the version of the chromium-based browser you're using and the version number of the artifact is the same as Selenium's.
]]></system-err>
  </testcase>
</testsuite>